<?xml version="1.0" encoding="UTF-8"?>
<testsuite xmlns:xsi="http://www.w3.org/2001/XMLSchema-instance" xsi:noNamespaceSchemaLocation="https://maven.apache.org/surefire/maven-surefire-plugin/xsd/surefire-test-report.xsd" name="com.example.authenticatingldap.AuthenticatingLdapApplicationTests" time="15.51" tests="2" errors="0" skipped="0" failures="0">
  <properties>
[...]
</properties>
  <testcase name="loginWithInvalidUserThenUnauthenticated" classname="com.example.authenticatingldap.AuthenticatingLdapApplicationTests" time="1.37"/>
  <testcase name="loginWithValidUserThenAuthenticated" classname="com.example.authenticatingldap.AuthenticatingLdapApplicationTests" time="0.43"/>
</testsuite>